<?xml version="1.0" encoding="UTF-8"?>
<testsuite name="OperationTypeTest" tests="7" skipped="0" failures="0" errors="0" timestamp="2021-01-12T00:42:08" hostname="MacBook" time="0.065">
  <properties/>
  <testcase name="shouldPassToConfirmSUBTRACTLambdaHasExpectedLogic()" classname="OperationTypeTest" time="0.034"/>
  <testcase name="shouldPassToConfirmADDLambdaHasExpectedLogic()" classname="OperationTypeTest" time="0.003"/>
  <testcase name="shouldPassToConfirmMULTIPLYLambdaHasExpectedLogic()" classname="OperationTypeTest" time="0.002"/>
  <testcase name="shouldPassToConfirmNullOperatorReturnedForUnrecognisedInput()" classname="OperationTypeTest" time="0.006"/>
  <testcase name="shouldPassToConfirmAddOperatorReturnedForInputStringAdd()" classname="OperationTypeTest" time="0.002"/>
  <testcase name="shouldPassToConfirmStringOfOperatorNamesReturnsAsExpected()" classname="OperationTypeTest" time="0.003"/>
  <testcase name="shouldPassToConfirmDIVIDELambdaHasExpectedLogic()" classname="OperationTypeTest" time="0.002"/>
  <system-out><![CDATA[]]></system-out>
  <system-err><![CDATA[]]></system-err>
</testsuite>
